00:03:32 : RCon admin #2: (Global) WARNING: This server is still in BETA mode. Please Report issues to http://playZ.rocks 
﻿00:04:48 : RCon admin #3 (83.150.25.168:62770) logged in
﻿00:08:32 : RCon admin #2: (Global) WARNING: This server is still in BETA mode. Please Report issues to http://playZ.rocks 
﻿00:13:32 : RCon admin #2: (Global) WARNING: This server is still in BETA mode. Please Report issues to http://playZ.rocks 
﻿00:18:32 : RCon admin #2: (Global) WARNING: This server is still in BETA mode. Please Report issues to http://playZ.rocks 
﻿00:23:32 : RCon admin #2: (Global) WARNING: This server is still in BETA mode. Please Report issues to http://playZ.rocks 
﻿00:28:32 : RCon admin #2: (Global) WARNING: This server is still in BETA mode. Please Report issues to http://playZ.rocks 
﻿00:33:32 : RCon admin #2: (Global) WARNING: This server is still in BETA mode. Please Report issues to http://playZ.rocks 
﻿00:38:32 : RCon admin #2: (Global) WARNING: This server is still in BETA mode. Please Report issues to http://playZ.rocks 
﻿00:39:46 : Lost Connection!
﻿00:39:46 : Closing socket & exiting!
﻿00:44:16 : Rcon client logging in
﻿00:44:16 : RCon admin #2 (127.0.0.1:63230) logged in
﻿00:44:46 : RCon admin #2: (Global) WARNING: This server is still in BETA mode. Please Report issues to http://playZ.rocks 
﻿00:44:48 : Player #0 Bruce (83.150.25.168:2304) connected
﻿00:44:49 : Player #0 Bruce - GUID: ed30fbe34394152e7e7891f5002c084b (unverified)
﻿00:44:49 : RCon admin #2: (Global) BEC : Super Admin Bruce Connected
﻿00:44:50 : Verified GUID (ed30fbe34394152e7e7891f5002c084b) of player #0 Bruce
﻿00:44:51 : Player #0 Bruce - Legacy GUID: 23e6a6324ca856989430d495b6528cba
﻿00:46:47 : No Valid response. Trying to reconnect.!
﻿00:46:47 : Rcon client logging in
﻿00:46:47 : RCon admin #2 (127.0.0.1:63230) logged in
﻿00:49:46 : RCon admin #2: (Global) WARNING: This server is still in BETA mode. Please Report issues to http://playZ.rocks 
﻿00:54:17 : Player #0 Bruce disconnected
﻿00:54:19 : Player #0 sergio (89.217.92.4:2304) connected
﻿00:54:20 : Player #0 sergio - GUID: 91e80799842d026d50b4803a2e8e7b3e (unverified)
﻿00:54:21 : Verified GUID (91e80799842d026d50b4803a2e8e7b3e) of player #0 sergio
﻿00:54:21 : Player #0 sergio disconnected
﻿00:54:46 : RCon admin #2: (Global) WARNING: This server is still in BETA mode. Please Report issues to http://playZ.rocks 
﻿00:57:41 : Lost Connection!
﻿00:57:41 : Closing socket & exiting!
﻿00:58:59 : Rcon client logging in
﻿00:58:59 : RCon admin #1 (127.0.0.1:56856) logged in
﻿00:59:29 : RCon admin #1: (Global) WARNING: This server is still in BETA mode. Please Report issues to http://playZ.rocks 
﻿01:02:01 : Player #0 Bruce (83.150.25.168:2304) connected
﻿01:02:02 : Player #0 Bruce - GUID: ed30fbe34394152e7e7891f5002c084b (unverified)
﻿01:02:02 : RCon admin #1: (Global) BEC : Super Admin Bruce Connected
﻿01:02:02 : Verified GUID (ed30fbe34394152e7e7891f5002c084b) of player #0 Bruce
﻿01:02:04 : Player #0 Bruce - Legacy GUID: 23e6a6324ca856989430d495b6528cba
﻿01:04:01 : No Valid response. Trying to reconnect.!
﻿01:04:01 : Rcon client logging in
﻿01:04:01 : RCon admin #1 (127.0.0.1:56856) logged in
﻿01:04:29 : RCon admin #1: (Global) WARNING: This server is still in BETA mode. Please Report issues to http://playZ.rocks 
﻿01:08:01 : Lost Connection!
﻿01:08:01 : Closing socket & exiting!
﻿01:09:48 : Rcon client logging in
﻿01:09:48 : RCon admin #1 (127.0.0.1:61060) logged in
﻿01:09:59 : Player #0 Bruce (83.150.25.168:2304) connected
﻿01:09:59 : Player #0 Bruce - GUID: ed30fbe34394152e7e7891f5002c084b (unverified)
﻿01:10:00 : RCon admin #1: (Global) BEC : Super Admin Bruce Connected
﻿01:10:00 : Verified GUID (ed30fbe34394152e7e7891f5002c084b) of player #0 Bruce
﻿01:10:01 : Player #0 Bruce - Legacy GUID: 23e6a6324ca856989430d495b6528cba
﻿01:10:27 : RCon admin #1: (Global) WARNING: This server is still in BETA mode. Please Report issues to http://playZ.rocks 
﻿01:11:57 : No Valid response. Trying to reconnect.!
﻿01:11:57 : Rcon client logging in
﻿01:11:57 : RCon admin #1 (127.0.0.1:61060) logged in
﻿01:15:18 : RCon admin #1: (Global) WARNING: This server is still in BETA mode. Please Report issues to http://playZ.rocks 
﻿01:15:57 : Player #0 Bruce disconnected
﻿01:20:18 : RCon admin #1: (Global) WARNING: This server is still in BETA mode. Please Report issues to http://playZ.rocks 
﻿01:25:18 : RCon admin #1: (Global) WARNING: This server is still in BETA mode. Please Report issues to http://playZ.rocks 
﻿01:30:18 : RCon admin #1: (Global) WARNING: This server is still in BETA mode. Please Report issues to http://playZ.rocks 
﻿01:35:18 : RCon admin #1: (Global) WARNING: This server is still in BETA mode. Please Report issues to http://playZ.rocks 
﻿01:40:18 : RCon admin #1: (Global) WARNING: This server is still in BETA mode. Please Report issues to http://playZ.rocks 
﻿01:45:18 : RCon admin #1: (Global) WARNING: This server is still in BETA mode. Please Report issues to http://playZ.rocks 
﻿01:50:18 : RCon admin #1: (Global) WARNING: This server is still in BETA mode. Please Report issues to http://playZ.rocks 
﻿01:55:18 : RCon admin #1: (Global) WARNING: This server is still in BETA mode. Please Report issues to http://playZ.rocks 
﻿02:00:18 : RCon admin #1: (Global) WARNING: This server is still in BETA mode. Please Report issues to http://playZ.rocks 
﻿02:05:18 : RCon admin #1: (Global) WARNING: This server is still in BETA mode. Please Report issues to http://playZ.rocks 
﻿02:10:18 : RCon admin #1: (Global) WARNING: This server is still in BETA mode. Please Report issues to http://playZ.rocks 
﻿02:15:18 : RCon admin #1: (Global) WARNING: This server is still in BETA mode. Please Report issues to http://playZ.rocks 
﻿02:20:18 : RCon admin #1: (Global) WARNING: This server is still in BETA mode. Please Report issues to http://playZ.rocks 
﻿02:25:18 : RCon admin #1: (Global) WARNING: This server is still in BETA mode. Please Report issues to http://playZ.rocks 
﻿02:30:18 : RCon admin #1: (Global) WARNING: This server is still in BETA mode. Please Report issues to http://playZ.rocks 
﻿02:35:18 : RCon admin #1: (Global) WARNING: This server is still in BETA mode. Please Report issues to http://playZ.rocks 
﻿02:40:18 : RCon admin #1: (Global) WARNING: This server is still in BETA mode. Please Report issues to http://playZ.rocks 
﻿02:45:18 : RCon admin #1: (Global) WARNING: This server is still in BETA mode. Please Report issues to http://playZ.rocks 
﻿02:50:18 : RCon admin #1: (Global) WARNING: This server is still in BETA mode. Please Report issues to http://playZ.rocks 
﻿02:55:18 : RCon admin #1: (Global) WARNING: This server is still in BETA mode. Please Report issues to http://playZ.rocks 
﻿03:00:18 : RCon admin #1: (Global) WARNING: This server is still in BETA mode. Please Report issues to http://playZ.rocks 
﻿03:05:18 : RCon admin #1: (Global) WARNING: This server is still in BETA mode. Please Report issues to http://playZ.rocks 
﻿03:10:18 : RCon admin #1: (Global) WARNING: This server is still in BETA mode. Please Report issues to http://playZ.rocks 
﻿03:15:18 : RCon admin #1: (Global) WARNING: This server is still in BETA mode. Please Report issues to http://playZ.rocks 
﻿03:20:18 : RCon admin #1: (Global) WARNING: This server is still in BETA mode. Please Report issues to http://playZ.rocks 
﻿03:25:18 : RCon admin #1: (Global) WARNING: This server is still in BETA mode. Please Report issues to http://playZ.rocks 
﻿03:30:18 : RCon admin #1: (Global) WARNING: This server is still in BETA mode. Please Report issues to http://playZ.rocks 
﻿03:35:18 : RCon admin #1: (Global) WARNING: This server is still in BETA mode. Please Report issues to http://playZ.rocks 
﻿03:40:18 : RCon admin #1: (Global) WARNING: This server is still in BETA mode. Please Report issues to http://playZ.rocks 
﻿03:45:18 : RCon admin #1: (Global) WARNING: This server is still in BETA mode. Please Report issues to http://playZ.rocks 
﻿03:50:18 : RCon admin #1: (Global) WARNING: This server is still in BETA mode. Please Report issues to http://playZ.rocks 
﻿03:55:18 : RCon admin #1: (Global) WARNING: This server is still in BETA mode. Please Report issues to http://playZ.rocks 
﻿04:00:18 : RCon admin #1: (Global) WARNING: This server is still in BETA mode. Please Report issues to http://playZ.rocks 
﻿04:05:18 : RCon admin #1: (Global) WARNING: This server is still in BETA mode. Please Report issues to http://playZ.rocks 
﻿04:10:18 : RCon admin #1: (Global) WARNING: This server is still in BETA mode. Please Report issues to http://playZ.rocks 
﻿04:15:18 : RCon admin #1: (Global) WARNING: This server is still in BETA mode. Please Report issues to http://playZ.rocks 
﻿04:20:18 : RCon admin #1: (Global) WARNING: This server is still in BETA mode. Please Report issues to http://playZ.rocks 
﻿04:25:18 : RCon admin #1: (Global) WARNING: This server is still in BETA mode. Please Report issues to http://playZ.rocks 
﻿04:30:18 : RCon admin #1: (Global) WARNING: This server is still in BETA mode. Please Report issues to http://playZ.rocks 
﻿04:35:18 : RCon admin #1: (Global) WARNING: This server is still in BETA mode. Please Report issues to http://playZ.rocks 
﻿04:40:18 : RCon admin #1: (Global) WARNING: This server is still in BETA mode. Please Report issues to http://playZ.rocks 
﻿04:45:18 : RCon admin #1: (Global) WARNING: This server is still in BETA mode. Please Report issues to http://playZ.rocks 
﻿04:50:18 : RCon admin #1: (Global) WARNING: This server is still in BETA mode. Please Report issues to http://playZ.rocks 
﻿04:55:18 : RCon admin #1: (Global) WARNING: This server is still in BETA mode. Please Report issues to http://playZ.rocks 
﻿05:00:18 : RCon admin #1: (Global) WARNING: This server is still in BETA mode. Please Report issues to http://playZ.rocks 
﻿05:05:18 : RCon admin #1: (Global) WARNING: This server is still in BETA mode. Please Report issues to http://playZ.rocks 
﻿05:10:18 : RCon admin #1: (Global) WARNING: This server is still in BETA mode. Please Report issues to http://playZ.rocks 
﻿05:15:18 : RCon admin #1: (Global) WARNING: This server is still in BETA mode. Please Report issues to http://playZ.rocks 
﻿05:20:18 : RCon admin #1: (Global) WARNING: This server is still in BETA mode. Please Report issues to http://playZ.rocks 
﻿05:25:18 : RCon admin #1: (Global) WARNING: This server is still in BETA mode. Please Report issues to http://playZ.rocks 
﻿05:30:18 : RCon admin #1: (Global) WARNING: This server is still in BETA mode. Please Report issues to http://playZ.rocks 
﻿05:35:18 : RCon admin #1: (Global) WARNING: This server is still in BETA mode. Please Report issues to http://playZ.rocks 
﻿05:40:18 : RCon admin #1: (Global) WARNING: This server is still in BETA mode. Please Report issues to http://playZ.rocks 
﻿05:45:18 : RCon admin #1: (Global) WARNING: This server is still in BETA mode. Please Report issues to http://playZ.rocks 
﻿05:50:18 : RCon admin #1: (Global) WARNING: This server is still in BETA mode. Please Report issues to http://playZ.rocks 
﻿05:55:18 : RCon admin #1: (Global) WARNING: This server is still in BETA mode. Please Report issues to http://playZ.rocks 
﻿06:00:18 : RCon admin #1: (Global) WARNING: This server is still in BETA mode. Please Report issues to http://playZ.rocks 
﻿06:05:18 : RCon admin #1: (Global) WARNING: This server is still in BETA mode. Please Report issues to http://playZ.rocks 
﻿06:10:18 : RCon admin #1: (Global) WARNING: This server is still in BETA mode. Please Report issues to http://playZ.rocks 
﻿06:15:18 : RCon admin #1: (Global) WARNING: This server is still in BETA mode. Please Report issues to http://playZ.rocks 
﻿06:20:18 : RCon admin #1: (Global) WARNING: This server is still in BETA mode. Please Report issues to http://playZ.rocks 
﻿06:25:18 : RCon admin #1: (Global) WARNING: This server is still in BETA mode. Please Report issues to http://playZ.rocks 
﻿06:30:18 : RCon admin #1: (Global) WARNING: This server is still in BETA mode. Please Report issues to http://playZ.rocks 
﻿06:35:18 : RCon admin #1: (Global) WARNING: This server is still in BETA mode. Please Report issues to http://playZ.rocks 
﻿06:40:18 : RCon admin #1: (Global) WARNING: This server is still in BETA mode. Please Report issues to http://playZ.rocks 
﻿06:45:18 : RCon admin #1: (Global) WARNING: This server is still in BETA mode. Please Report issues to http://playZ.rocks 
﻿06:50:04 : RCon admin #0 (83.150.25.168:57077) logged in
﻿06:50:18 : RCon admin #1: (Global) WARNING: This server is still in BETA mode. Please Report issues to http://playZ.rocks 
﻿06:50:30 : RCon admin #0 (83.150.25.168:50772) logged in
﻿06:55:18 : RCon admin #1: (Global) WARNING: This server is still in BETA mode. Please Report issues to http://playZ.rocks 
﻿07:00:18 : RCon admin #1: (Global) WARNING: This server is still in BETA mode. Please Report issues to http://playZ.rocks 
﻿07:05:18 : RCon admin #1: (Global) WARNING: This server is still in BETA mode. Please Report issues to http://playZ.rocks 
﻿07:10:18 : RCon admin #1: (Global) WARNING: This server is still in BETA mode. Please Report issues to http://playZ.rocks 
﻿07:12:31 : RCon admin #2 (83.150.25.168:59959) logged in
﻿07:13:33 : RCon admin #3 (83.150.25.168:49635) logged in
﻿07:15:18 : RCon admin #1: (Global) WARNING: This server is still in BETA mode. Please Report issues to http://playZ.rocks 
﻿07:20:18 : RCon admin #1: (Global) WARNING: This server is still in BETA mode. Please Report issues to http://playZ.rocks 
﻿07:25:18 : RCon admin #1: (Global) WARNING: This server is still in BETA mode. Please Report issues to http://playZ.rocks 
﻿07:30:18 : RCon admin #1: (Global) WARNING: This server is still in BETA mode. Please Report issues to http://playZ.rocks 
﻿07:35:18 : RCon admin #1: (Global) WARNING: This server is still in BETA mode. Please Report issues to http://playZ.rocks 
﻿07:40:18 : RCon admin #1: (Global) WARNING: This server is still in BETA mode. Please Report issues to http://playZ.rocks 
﻿07:45:18 : RCon admin #1: (Global) WARNING: This server is still in BETA mode. Please Report issues to http://playZ.rocks 
﻿07:50:18 : RCon admin #1: (Global) WARNING: This server is still in BETA mode. Please Report issues to http://playZ.rocks 
﻿07:55:18 : RCon admin #1: (Global) WARNING: This server is still in BETA mode. Please Report issues to http://playZ.rocks 
﻿08:00:18 : RCon admin #1: (Global) WARNING: This server is still in BETA mode. Please Report issues to http://playZ.rocks 
﻿08:05:18 : RCon admin #1: (Global) WARNING: This server is still in BETA mode. Please Report issues to http://playZ.rocks 
﻿08:10:18 : RCon admin #1: (Global) WARNING: This server is still in BETA mode. Please Report issues to http://playZ.rocks 
﻿08:15:18 : RCon admin #1: (Global) WARNING: This server is still in BETA mode. Please Report issues to http://playZ.rocks 
﻿08:20:18 : RCon admin #1: (Global) WARNING: This server is still in BETA mode. Please Report issues to http://playZ.rocks 
﻿08:25:18 : RCon admin #1: (Global) WARNING: This server is still in BETA mode. Please Report issues to http://playZ.rocks 
﻿08:30:18 : RCon admin #1: (Global) WARNING: This server is still in BETA mode. Please Report issues to http://playZ.rocks 
﻿08:35:18 : RCon admin #1: (Global) WARNING: This server is still in BETA mode. Please Report issues to http://playZ.rocks 
﻿08:40:18 : RCon admin #1: (Global) WARNING: This server is still in BETA mode. Please Report issues to http://playZ.rocks 
﻿08:45:18 : RCon admin #1: (Global) WARNING: This server is still in BETA mode. Please Report issues to http://playZ.rocks 
﻿08:50:18 : RCon admin #1: (Global) WARNING: This server is still in BETA mode. Please Report issues to http://playZ.rocks 
﻿08:55:18 : RCon admin #1: (Global) WARNING: This server is still in BETA mode. Please Report issues to http://playZ.rocks 
﻿09:00:18 : RCon admin #1: (Global) WARNING: This server is still in BETA mode. Please Report issues to http://playZ.rocks 
﻿09:05:18 : RCon admin #1: (Global) WARNING: This server is still in BETA mode. Please Report issues to http://playZ.rocks 
﻿09:10:18 : RCon admin #1: (Global) WARNING: This server is still in BETA mode. Please Report issues to http://playZ.rocks 
﻿09:15:18 : RCon admin #1: (Global) WARNING: This server is still in BETA mode. Please Report issues to http://playZ.rocks 
﻿09:20:18 : RCon admin #1: (Global) WARNING: This server is still in BETA mode. Please Report issues to http://playZ.rocks 
﻿09:25:18 : RCon admin #1: (Global) WARNING: This server is still in BETA mode. Please Report issues to http://playZ.rocks 
﻿09:30:18 : RCon admin #1: (Global) WARNING: This server is still in BETA mode. Please Report issues to http://playZ.rocks 
﻿09:35:18 : RCon admin #1: (Global) WARNING: This server is still in BETA mode. Please Report issues to http://playZ.rocks 
﻿09:40:18 : RCon admin #1: (Global) WARNING: This server is still in BETA mode. Please Report issues to http://playZ.rocks 
﻿09:45:18 : RCon admin #1: (Global) WARNING: This server is still in BETA mode. Please Report issues to http://playZ.rocks 
﻿09:50:18 : RCon admin #1: (Global) WARNING: This server is still in BETA mode. Please Report issues to http://playZ.rocks 
﻿09:55:18 : RCon admin #1: (Global) WARNING: This server is still in BETA mode. Please Report issues to http://playZ.rocks 
﻿10:00:18 : RCon admin #1: (Global) WARNING: This server is still in BETA mode. Please Report issues to http://playZ.rocks 
﻿10:05:18 : RCon admin #1: (Global) WARNING: This server is still in BETA mode. Please Report issues to http://playZ.rocks 
﻿10:10:18 : RCon admin #1: (Global) WARNING: This server is still in BETA mode. Please Report issues to http://playZ.rocks 
﻿10:15:18 : RCon admin #1: (Global) WARNING: This server is still in BETA mode. Please Report issues to http://playZ.rocks 
﻿10:20:18 : RCon admin #1: (Global) WARNING: This server is still in BETA mode. Please Report issues to http://playZ.rocks 
﻿10:25:18 : RCon admin #1: (Global) WARNING: This server is still in BETA mode. Please Report issues to http://playZ.rocks 
﻿10:30:18 : RCon admin #1: (Global) WARNING: This server is still in BETA mode. Please Report issues to http://playZ.rocks 
﻿10:35:18 : RCon admin #1: (Global) WARNING: This server is still in BETA mode. Please Report issues to http://playZ.rocks 
﻿10:40:18 : RCon admin #1: (Global) WARNING: This server is still in BETA mode. Please Report issues to http://playZ.rocks 
﻿10:45:18 : RCon admin #1: (Global) WARNING: This server is still in BETA mode. Please Report issues to http://playZ.rocks 
﻿10:50:18 : RCon admin #1: (Global) WARNING: This server is still in BETA mode. Please Report issues to http://playZ.rocks 
﻿10:55:18 : RCon admin #1: (Global) WARNING: This server is still in BETA mode. Please Report issues to http://playZ.rocks 
﻿11:00:18 : RCon admin #1: (Global) WARNING: This server is still in BETA mode. Please Report issues to http://playZ.rocks 
﻿11:05:18 : RCon admin #1: (Global) WARNING: This server is still in BETA mode. Please Report issues to http://playZ.rocks 
﻿11:10:18 : RCon admin #1: (Global) WARNING: This server is still in BETA mode. Please Report issues to http://playZ.rocks 
﻿11:15:18 : RCon admin #1: (Global) WARNING: This server is still in BETA mode. Please Report issues to http://playZ.rocks 
﻿11:20:18 : RCon admin #1: (Global) WARNING: This server is still in BETA mode. Please Report issues to http://playZ.rocks 
﻿11:25:18 : RCon admin #1: (Global) WARNING: This server is still in BETA mode. Please Report issues to http://playZ.rocks 
﻿11:30:18 : RCon admin #1: (Global) WARNING: This server is still in BETA mode. Please Report issues to http://playZ.rocks 
﻿11:35:18 : RCon admin #1: (Global) WARNING: This server is still in BETA mode. Please Report issues to http://playZ.rocks 
﻿11:40:18 : RCon admin #1: (Global) WARNING: This server is still in BETA mode. Please Report issues to http://playZ.rocks 
﻿11:45:18 : RCon admin #1: (Global) WARNING: This server is still in BETA mode. Please Report issues to http://playZ.rocks 
﻿11:50:18 : RCon admin #1: (Global) WARNING: This server is still in BETA mode. Please Report issues to http://playZ.rocks 
﻿11:55:18 : RCon admin #1: (Global) WARNING: This server is still in BETA mode. Please Report issues to http://playZ.rocks 
﻿12:00:18 : RCon admin #1: (Global) WARNING: This server is still in BETA mode. Please Report issues to http://playZ.rocks 
﻿12:05:18 : RCon admin #1: (Global) WARNING: This server is still in BETA mode. Please Report issues to http://playZ.rocks 
﻿12:10:18 : RCon admin #1: (Global) WARNING: This server is still in BETA mode. Please Report issues to http://playZ.rocks 
﻿12:15:18 : RCon admin #1: (Global) WARNING: This server is still in BETA mode. Please Report issues to http://playZ.rocks 
﻿12:20:18 : RCon admin #1: (Global) WARNING: This server is still in BETA mode. Please Report issues to http://playZ.rocks 
﻿12:25:18 : RCon admin #1: (Global) WARNING: This server is still in BETA mode. Please Report issues to http://playZ.rocks 
﻿12:30:18 : RCon admin #1: (Global) WARNING: This server is still in BETA mode. Please Report issues to http://playZ.rocks 
﻿12:35:18 : RCon admin #1: (Global) WARNING: This server is still in BETA mode. Please Report issues to http://playZ.rocks 
﻿12:40:18 : RCon admin #1: (Global) WARNING: This server is still in BETA mode. Please Report issues to http://playZ.rocks 
﻿12:45:18 : RCon admin #1: (Global) WARNING: This server is still in BETA mode. Please Report issues to http://playZ.rocks 
﻿12:50:18 : RCon admin #1: (Global) WARNING: This server is still in BETA mode. Please Report issues to http://playZ.rocks 
﻿12:55:18 : RCon admin #1: (Global) WARNING: This server is still in BETA mode. Please Report issues to http://playZ.rocks 
﻿13:00:18 : RCon admin #1: (Global) WARNING: This server is still in BETA mode. Please Report issues to http://playZ.rocks 
﻿13:05:18 : RCon admin #1: (Global) WARNING: This server is still in BETA mode. Please Report issues to http://playZ.rocks 
﻿13:10:18 : RCon admin #1: (Global) WARNING: This server is still in BETA mode. Please Report issues to http://playZ.rocks 
﻿13:15:18 : RCon admin #1: (Global) WARNING: This server is still in BETA mode. Please Report issues to http://playZ.rocks 
﻿13:20:18 : RCon admin #1: (Global) WARNING: This server is still in BETA mode. Please Report issues to http://playZ.rocks 
﻿13:25:18 : RCon admin #1: (Global) WARNING: This server is still in BETA mode. Please Report issues to http://playZ.rocks 
﻿13:30:18 : RCon admin #1: (Global) WARNING: This server is still in BETA mode. Please Report issues to http://playZ.rocks 
﻿13:35:18 : RCon admin #1: (Global) WARNING: This server is still in BETA mode. Please Report issues to http://playZ.rocks 
﻿13:40:18 : RCon admin #1: (Global) WARNING: This server is still in BETA mode. Please Report issues to http://playZ.rocks 
﻿13:45:18 : RCon admin #1: (Global) WARNING: This server is still in BETA mode. Please Report issues to http://playZ.rocks 
﻿13:50:18 : RCon admin #1: (Global) WARNING: This server is still in BETA mode. Please Report issues to http://playZ.rocks 
﻿13:55:18 : RCon admin #1: (Global) WARNING: This server is still in BETA mode. Please Report issues to http://playZ.rocks 
﻿14:00:18 : RCon admin #1: (Global) WARNING: This server is still in BETA mode. Please Report issues to http://playZ.rocks 
﻿14:05:18 : RCon admin #1: (Global) WARNING: This server is still in BETA mode. Please Report issues to http://playZ.rocks 
﻿14:10:18 : RCon admin #1: (Global) WARNING: This server is still in BETA mode. Please Report issues to http://playZ.rocks 
﻿14:15:18 : RCon admin #1: (Global) WARNING: This server is still in BETA mode. Please Report issues to http://playZ.rocks 
﻿14:20:18 : RCon admin #1: (Global) WARNING: This server is still in BETA mode. Please Report issues to http://playZ.rocks 
﻿14:25:18 : RCon admin #1: (Global) WARNING: This server is still in BETA mode. Please Report issues to http://playZ.rocks 
﻿14:30:18 : RCon admin #1: (Global) WARNING: This server is still in BETA mode. Please Report issues to http://playZ.rocks 
﻿14:35:18 : RCon admin #1: (Global) WARNING: This server is still in BETA mode. Please Report issues to http://playZ.rocks 
﻿14:40:18 : RCon admin #1: (Global) WARNING: This server is still in BETA mode. Please Report issues to http://playZ.rocks 
﻿14:45:18 : RCon admin #1: (Global) WARNING: This server is still in BETA mode. Please Report issues to http://playZ.rocks 
﻿14:50:18 : RCon admin #1: (Global) WARNING: This server is still in BETA mode. Please Report issues to http://playZ.rocks 
﻿14:55:18 : RCon admin #1: (Global) WARNING: This server is still in BETA mode. Please Report issues to http://playZ.rocks 
﻿15:00:18 : RCon admin #1: (Global) WARNING: This server is still in BETA mode. Please Report issues to http://playZ.rocks 
﻿15:05:18 : RCon admin #1: (Global) WARNING: This server is still in BETA mode. Please Report issues to http://playZ.rocks 
﻿15:10:18 : RCon admin #1: (Global) WARNING: This server is still in BETA mode. Please Report issues to http://playZ.rocks 
﻿15:15:18 : RCon admin #1: (Global) WARNING: This server is still in BETA mode. Please Report issues to http://playZ.rocks 
﻿15:20:03 : RCon admin #0 (83.150.25.168:62615) logged in
﻿15:20:18 : RCon admin #1: (Global) WARNING: This server is still in BETA mode. Please Report issues to http://playZ.rocks 
﻿15:25:18 : RCon admin #1: (Global) WARNING: This server is still in BETA mode. Please Report issues to http://playZ.rocks 
﻿15:30:18 : RCon admin #1: (Global) WARNING: This server is still in BETA mode. Please Report issues to http://playZ.rocks 
﻿15:35:18 : RCon admin #1: (Global) WARNING: This server is still in BETA mode. Please Report issues to http://playZ.rocks 
﻿15:36:14 : RCon admin #2 (83.150.25.168:63087) logged in
﻿15:40:18 : RCon admin #1: (Global) WARNING: This server is still in BETA mode. Please Report issues to http://playZ.rocks 
﻿15:45:18 : RCon admin #1: (Global) WARNING: This server is still in BETA mode. Please Report issues to http://playZ.rocks 
﻿15:49:10 : RCon admin #0 (83.150.25.168:52556) logged in
﻿15:49:17 : Lost Connection!
﻿15:49:17 : Closing socket & exiting!
﻿15:54:44 : Rcon client logging in
﻿15:54:44 : RCon admin #1 (127.0.0.1:57891) logged in
﻿15:55:14 : RCon admin #1: (Global) WARNING: This server is still in BETA mode. Please Report issues to http://playZ.rocks 
﻿15:56:52 : Lost Connection!
﻿15:56:52 : Closing socket & exiting!
﻿15:58:47 : Rcon client logging in
﻿15:58:47 : RCon admin #1 (127.0.0.1:50803) logged in
﻿15:59:21 : Lost Connection!
﻿15:59:21 : Closing socket & exiting!
﻿16:01:16 : Rcon client logging in
﻿16:01:16 : RCon admin #1 (127.0.0.1:50853) logged in
﻿16:01:46 : RCon admin #1: (Global) WARNING: This server is still in BETA mode. Please Report issues to http://playZ.rocks 
﻿16:02:02 : Player #0 Bruce (83.150.25.168:2304) connected
﻿16:02:03 : Player #0 Bruce - GUID: ed30fbe34394152e7e7891f5002c084b (unverified)
﻿16:02:03 : RCon admin #1: (Global) BEC : Super Admin Bruce Connected
﻿16:02:04 : Verified GUID (ed30fbe34394152e7e7891f5002c084b) of player #0 Bruce
﻿16:02:05 : Player #0 Bruce - Legacy GUID: 23e6a6324ca856989430d495b6528cba
﻿16:04:08 : No Valid response. Trying to reconnect.!
﻿16:04:08 : Rcon client logging in
﻿16:04:08 : RCon admin #1 (127.0.0.1:50853) logged in
﻿16:05:04 : RCon admin #2 (83.150.25.168:62337) logged in
﻿16:06:47 : RCon admin #1: (Global) WARNING: This server is still in BETA mode. Please Report issues to http://playZ.rocks 
﻿16:07:48 : Player #1 Alex (91.5.228.138:2304) connected
﻿16:07:50 : Player #1 Alex - GUID: 57fff6be0ad1a9686358aed53af6002b (unverified)
﻿16:07:50 : Verified GUID (57fff6be0ad1a9686358aed53af6002b) of player #1 Alex
﻿16:07:51 : Player #2 Ayca (78.42.187.145:2304) connected
﻿16:07:52 : Player #1 Alex disconnected
﻿16:07:52 : Player #2 Ayca - GUID: 3ee806da27715ba779a389ed4ec56859 (unverified)
﻿16:07:53 : Verified GUID (3ee806da27715ba779a389ed4ec56859) of player #2 Ayca
﻿16:07:53 : Player #2 Ayca disconnected
﻿16:08:19 : RCon admin #0 (83.150.25.168:62304) logged in
﻿16:11:46 : RCon admin #1: (Global) WARNING: This server is still in BETA mode. Please Report issues to http://playZ.rocks 
﻿16:16:00 : Player #1 ЗКШТСШЗУ (178.163.110.103:2304) connected
﻿16:16:02 : Player #1 ЗКШТСШЗУ - GUID: 6c3c884eb2130343d1d16b1de000dcb8 (unverified)
﻿16:16:02 : Verified GUID (6c3c884eb2130343d1d16b1de000dcb8) of player #1 ЗКШТСШЗУ
﻿16:16:03 : Player #1 ЗКШТСШЗУ disconnected
﻿16:16:46 : RCon admin #1: (Global) WARNING: This server is still in BETA mode. Please Report issues to http://playZ.rocks 
﻿16:21:46 : RCon admin #1: (Global) WARNING: This server is still in BETA mode. Please Report issues to http://playZ.rocks 
﻿16:22:40 : Player #1 Ayca (78.42.187.145:2304) connected
﻿16:22:41 : Player #1 Ayca - GUID: 3ee806da27715ba779a389ed4ec56859 (unverified)
﻿16:22:41 : Verified GUID (3ee806da27715ba779a389ed4ec56859) of player #1 Ayca
﻿16:22:42 : Player #1 Ayca - Legacy GUID: 4703609bf0dc46e0036ef0262f8f450a
﻿16:22:42 : Player #1 Ayca disconnected
﻿16:26:46 : RCon admin #1: (Global) WARNING: This server is still in BETA mode. Please Report issues to http://playZ.rocks 
﻿16:31:46 : RCon admin #1: (Global) WARNING: This server is still in BETA mode. Please Report issues to http://playZ.rocks 
﻿16:36:46 : RCon admin #1: (Global) WARNING: This server is still in BETA mode. Please Report issues to http://playZ.rocks 
﻿16:38:59 : Player #1 BalkanWorrior (95.178.202.197:2304) connected
﻿16:39:00 : Player #1 BalkanWorrior - GUID: 54a5b2e5664ca52933b69863308cad0a (unverified)
﻿16:39:01 : Verified GUID (54a5b2e5664ca52933b69863308cad0a) of player #1 BalkanWorrior
﻿16:39:01 : Player #1 BalkanWorrior - Legacy GUID: 9795cd872f5980c71f169bd9c178b88b
﻿16:39:02 : Player #1 BalkanWorrior disconnected
﻿16:41:15 : Player #1 Nikodim Richov (88.181.149.45:7790) connected
﻿16:41:16 : Player #1 Nikodim Richov - GUID: 6be5bf8e3d0b2155b17a55cb164d9cd4 (unverified)
﻿16:41:16 : Player #1 Nikodim Richov disconnected
﻿16:41:46 : RCon admin #1: (Global) WARNING: This server is still in BETA mode. Please Report issues to http://playZ.rocks 
﻿16:46:46 : RCon admin #1: (Global) WARNING: This server is still in BETA mode. Please Report issues to http://playZ.rocks 
﻿16:51:46 : RCon admin #1: (Global) WARNING: This server is still in BETA mode. Please Report issues to http://playZ.rocks 
﻿16:54:15 : RCon admin #2 (83.150.25.168:61142) logged in
﻿16:56:46 : RCon admin #1: (Global) WARNING: This server is still in BETA mode. Please Report issues to http://playZ.rocks 
﻿16:58:18 : RCon admin #0 (83.150.25.168:51986) logged in
﻿17:01:46 : RCon admin #1: (Global) WARNING: This server is still in BETA mode. Please Report issues to http://playZ.rocks 
﻿17:06:46 : RCon admin #1: (Global) WARNING: This server is still in BETA mode. Please Report issues to http://playZ.rocks 
﻿17:09:10 : RCon admin #2 (83.150.25.168:57508) logged in
﻿17:10:01 : RCon admin #0 (83.150.25.168:51938) logged in
﻿17:10:57 : Lost Connection!
﻿17:10:57 : Closing socket & exiting!
﻿17:15:16 : Rcon client logging in
﻿17:15:16 : RCon admin #1 (127.0.0.1:49395) logged in
﻿17:15:36 : RCon admin #1: (Global) Warnung: Es wurden AI-Banditen gesichtet!
﻿17:15:46 : RCon admin #1: (Global) WARNING: Please Report issues to http://playZ.rocks 
﻿17:17:22 : Player #0 Bruce (83.150.25.168:2304) connected
﻿17:17:23 : Player #0 Bruce - GUID: ed30fbe34394152e7e7891f5002c084b (unverified)
﻿17:17:23 : RCon admin #1: (Global) BEC : Super Admin Bruce Connected
﻿17:17:23 : Verified GUID (ed30fbe34394152e7e7891f5002c084b) of player #0 Bruce
﻿17:17:24 : Player #0 Bruce - Legacy GUID: 23e6a6324ca856989430d495b6528cba
﻿17:19:18 : No Valid response. Trying to reconnect.!
﻿17:19:18 : Rcon client logging in
﻿17:19:18 : RCon admin #1 (127.0.0.1:49395) logged in
﻿17:20:11 : Lost Connection!
﻿17:20:11 : Closing socket & exiting!
﻿17:21:14 : Rcon client logging in
﻿17:21:14 : RCon admin #1 (127.0.0.1:59604) logged in
﻿17:21:43 : Player #0 Bruce (83.150.25.168:2304) connected
﻿17:21:44 : Player #0 Bruce - GUID: ed30fbe34394152e7e7891f5002c084b (unverified)
﻿17:21:44 : RCon admin #1: (Global) BEC : Super Admin Bruce Connected
﻿17:21:44 : Verified GUID (ed30fbe34394152e7e7891f5002c084b) of player #0 Bruce
﻿17:21:44 : RCon admin #1: (Global) Please Report issues to http://playZ.rocks
﻿17:21:45 : Player #0 Bruce - Legacy GUID: 23e6a6324ca856989430d495b6528cba
﻿17:23:42 : No Valid response. Trying to reconnect.!
﻿17:23:42 : Rcon client logging in
﻿17:23:42 : RCon admin #1 (127.0.0.1:59604) logged in
﻿17:27:14 : RCon admin #1: (Global) Warnung: Es wurden AI-Banditen gesichtet!
﻿17:31:44 : RCon admin #1: (Global) Please Report issues to http://playZ.rocks
﻿17:32:14 : RCon admin #1: (Global) Warnung: Es wurden AI-Banditen gesichtet!
﻿17:37:14 : RCon admin #1: (Global) Warnung: Es wurden AI-Banditen gesichtet!
﻿17:41:44 : RCon admin #1: (Global) Please Report issues to http://playZ.rocks
﻿17:42:14 : RCon admin #1: (Global) Warnung: Es wurden AI-Banditen gesichtet!
﻿17:43:16 : RCon admin #2 (83.150.25.168:55787) logged in
﻿17:45:28 : RCon admin #0 (83.150.25.168:65086) logged in
﻿17:47:00 : RCon admin #2 (83.150.25.168:60958) logged in
﻿17:47:14 : RCon admin #1: (Global) Warnung: Es wurden AI-Banditen gesichtet!
﻿17:51:44 : RCon admin #1: (Global) Please Report issues to http://playZ.rocks
﻿17:52:14 : RCon admin #1: (Global) Warnung: Es wurden AI-Banditen gesichtet!
﻿17:53:48 : Player #0 Bruce disconnected
﻿17:54:59 : Lost Connection!
﻿17:54:59 : Closing socket & exiting!
