19:54:20 : No Valid response. Trying to reconnect.!
﻿19:54:24 : No Valid response. Trying to reconnect.!
﻿19:54:28 : No Valid response. Trying to reconnect.!
﻿19:54:32 : Lost Connection!
﻿19:54:32 : Closing socket & exiting!
﻿19:56:22 : Lost Connection!
﻿19:56:22 : Closing socket & exiting!
﻿19:57:09 : No Valid response. Trying to reconnect.!
﻿19:57:13 : No Valid response. Trying to reconnect.!
﻿19:57:18 : No Valid response. Trying to reconnect.!
﻿19:57:22 : Lost Connection!
﻿19:57:22 : Closing socket & exiting!
﻿19:57:43 : No Valid response. Trying to reconnect.!
﻿19:57:47 : No Valid response. Trying to reconnect.!
﻿19:57:51 : No Valid response. Trying to reconnect.!
﻿19:57:55 : Lost Connection!
﻿19:57:55 : Closing socket & exiting!
﻿20:05:52 : Lost Connection!
﻿20:05:52 : Closing socket & exiting!
﻿20:06:51 : Rcon client logging in
﻿20:06:51 : RCon admin #0 (127.0.0.1:54757) logged in
﻿20:07:11 : Player #0 Bruce (83.150.25.168:2304) connected
﻿20:07:12 : Player #0 Bruce - GUID: ed30fbe34394152e7e7891f5002c084b (unverified)
﻿20:07:12 : RCon admin #0: (Global) BEC : Super Admin Bruce Connected
﻿20:07:12 : Verified GUID (ed30fbe34394152e7e7891f5002c084b) of player #0 Bruce
﻿20:07:14 : Player #0 Bruce - Legacy GUID: 23e6a6324ca856989430d495b6528cba
﻿20:09:14 : No Valid response. Trying to reconnect.!
﻿20:09:14 : Rcon client logging in
﻿20:09:14 : RCon admin #0 (127.0.0.1:54757) logged in
﻿20:22:17 : Player #0 Bruce disconnected
﻿20:22:28 : Player #0 QueenOfNapf (83.150.25.168:61416) connected
﻿20:22:29 : Player #0 QueenOfNapf - GUID: b2c43caef8b4da2db85f410f1ac63624 (unverified)
﻿20:22:29 : Verified GUID (b2c43caef8b4da2db85f410f1ac63624) of player #0 QueenOfNapf
﻿20:22:30 : Player #0 QueenOfNapf - Legacy GUID: c9ccc0ee6e16468096e133add0fc180c
﻿20:47:06 : Player #0 QueenOfNapf disconnected
﻿20:50:24 : Lost Connection!
﻿20:50:24 : Closing socket & exiting!
﻿20:52:13 : Rcon client logging in
﻿20:52:13 : RCon admin #0 (127.0.0.1:55888) logged in
﻿20:53:15 : Lost Connection!
﻿20:53:15 : Closing socket & exiting!
﻿20:55:02 : Rcon client logging in
﻿20:55:02 : RCon admin #0 (127.0.0.1:55889) logged in
﻿20:55:44 : Player #0 Bruce (83.150.25.168:2304) connected
﻿20:55:45 : Player #0 Bruce - GUID: ed30fbe34394152e7e7891f5002c084b (unverified)
﻿20:55:45 : RCon admin #0: (Global) BEC : Super Admin Bruce Connected
﻿20:55:46 : Verified GUID (ed30fbe34394152e7e7891f5002c084b) of player #0 Bruce
﻿20:55:47 : Player #0 Bruce - Legacy GUID: 23e6a6324ca856989430d495b6528cba
﻿20:56:43 : Player #1 QueenOfNapf (83.150.25.168:61430) connected
﻿20:56:44 : Player #1 QueenOfNapf - GUID: b2c43caef8b4da2db85f410f1ac63624 (unverified)
﻿20:56:45 : Verified GUID (b2c43caef8b4da2db85f410f1ac63624) of player #1 QueenOfNapf
﻿20:56:45 : Player #1 QueenOfNapf - Legacy GUID: c9ccc0ee6e16468096e133add0fc180c
﻿20:59:39 : RCon admin #1 (83.150.25.168:61158) logged in
﻿21:00:06 : RCon admin #1: (Global) [DaRT] Hallo?
﻿21:15:58 : Player #1 QueenOfNapf disconnected
﻿21:16:32 : Player #0 Bruce disconnected
﻿21:22:01 : Player #0 Max (86.56.70.42:2304) connected
﻿21:22:02 : Player #0 Max - GUID: 14da235562fcece5baf04beb048e3882 (unverified)
﻿21:22:03 : Verified GUID (14da235562fcece5baf04beb048e3882) of player #0 Max
﻿21:22:04 : Player #0 Max - Legacy GUID: 62924528be2a3078252ce061f463bf58
﻿21:23:48 : Player #1 Bruce (83.150.25.168:2304) connected
﻿21:23:49 : Player #1 Bruce - GUID: ed30fbe34394152e7e7891f5002c084b (unverified)
﻿21:23:49 : RCon admin #0: (Global) BEC : Super Admin Bruce Connected
﻿21:23:49 : Verified GUID (ed30fbe34394152e7e7891f5002c084b) of player #1 Bruce
﻿21:23:50 : Player #1 Bruce - Legacy GUID: 23e6a6324ca856989430d495b6528cba
﻿21:24:34 : Player #0 Max - Legacy GUID: 62924528be2a3078252ce061f463bf58
﻿21:30:35 : RCon admin #2 (83.150.25.168:60323) logged in
﻿21:31:03 : RCon admin #3 (83.150.25.168:61561) logged in
﻿21:31:18 : RCon admin #3: (Global) [Bruce] Hallo?
﻿21:31:27 : RCon admin #0: (To Max) Do not use Side chat. Warnings left:6
﻿21:31:38 : RCon admin #0: (To Max) Do not use Side chat. Warnings left:5
﻿21:32:01 : RCon admin #0: (To Max) Do not use Side chat. Warnings left:4
﻿21:32:09 : RCon admin #0: (To Max) Do not use Side chat. Warnings left:3
﻿21:32:17 : RCon admin #0: (To Max) Do not use Side chat. Warnings left:2
﻿21:33:12 : RCon admin #0: (To Max) Do not use Side chat. Warnings left:1
﻿21:33:27 : RCon admin #0: (To Max) Do not use Side chat. No Warnings left, Next Side message will result in kick
﻿21:42:39 : Rcon client logging in
﻿21:42:39 : RCon admin #0 (127.0.0.1:64260) logged in
﻿21:42:41 : RCon admin #3: (Global) [Bruce] Soo, jetzt sollte er nicht mehr kicken
﻿21:50:16 : RCon admin #3: (Global) [Bruce] Ich sehe keine Markierung
﻿22:13:26 : Player #0 Max disconnected
﻿22:13:43 : Player #0 Max (86.56.70.42:2304) connected
﻿22:13:44 : Player #0 Max - GUID: 14da235562fcece5baf04beb048e3882 (unverified)
﻿22:13:45 : Verified GUID (14da235562fcece5baf04beb048e3882) of player #0 Max
﻿22:13:45 : Player #0 Max - Legacy GUID: 62924528be2a3078252ce061f463bf58
﻿22:13:49 : Player #0 Max disconnected
﻿22:16:04 : Player #0 Max (86.56.70.42:2304) connected
﻿22:16:04 : Player #0 Max - GUID: 14da235562fcece5baf04beb048e3882 (unverified)
﻿22:16:05 : Verified GUID (14da235562fcece5baf04beb048e3882) of player #0 Max
﻿22:16:06 : Player #0 Max - Legacy GUID: 62924528be2a3078252ce061f463bf58
﻿22:20:55 : Player #0 Max disconnected
﻿22:21:31 : Player #0 Max (86.56.70.42:2304) connected
﻿22:21:32 : Player #0 Max - GUID: 14da235562fcece5baf04beb048e3882 (unverified)
﻿22:21:33 : Verified GUID (14da235562fcece5baf04beb048e3882) of player #0 Max
﻿22:21:33 : Player #0 Max - Legacy GUID: 62924528be2a3078252ce061f463bf58
﻿22:25:13 : Player #0 Max disconnected
﻿22:26:32 : RCon admin #2 (83.150.25.168:55304) logged in
﻿22:26:42 : Player #1 Bruce disconnected
﻿22:27:05 : Player #0 Max (86.56.70.42:2304) connected
﻿22:27:06 : Player #0 Max - GUID: 14da235562fcece5baf04beb048e3882 (unverified)
﻿22:27:07 : Verified GUID (14da235562fcece5baf04beb048e3882) of player #0 Max
﻿22:27:07 : Player #0 Max - Legacy GUID: 62924528be2a3078252ce061f463bf58
﻿22:29:17 : Lost Connection!
﻿22:29:17 : Closing socket & exiting!
﻿22:33:46 : Rcon client logging in
﻿22:33:46 : RCon admin #2 (127.0.0.1:52690) logged in
﻿22:34:28 : Player #0 Bruce (83.150.25.168:2304) connected
﻿22:34:29 : Player #0 Bruce - GUID: ed30fbe34394152e7e7891f5002c084b (unverified)
﻿22:34:29 : RCon admin #2: (Global) BEC : Super Admin Bruce Connected
﻿22:34:29 : Verified GUID (ed30fbe34394152e7e7891f5002c084b) of player #0 Bruce
﻿22:34:31 : Player #0 Bruce - Legacy GUID: 23e6a6324ca856989430d495b6528cba
﻿22:36:26 : No Valid response. Trying to reconnect.!
﻿22:36:26 : Rcon client logging in
﻿22:36:26 : RCon admin #2 (127.0.0.1:52690) logged in
﻿22:36:53 : Player #1 Max (86.56.70.42:2304) connected
﻿22:36:54 : Player #1 Max - GUID: 14da235562fcece5baf04beb048e3882 (unverified)
﻿22:36:55 : Verified GUID (14da235562fcece5baf04beb048e3882) of player #1 Max
﻿22:36:56 : Player #1 Max - Legacy GUID: 62924528be2a3078252ce061f463bf58
﻿23:12:35 : Player #1 Max disconnected
﻿23:28:06 : Player #1 QueenOfNapf (83.150.25.168:61593) connected
﻿23:28:08 : Player #1 QueenOfNapf - GUID: b2c43caef8b4da2db85f410f1ac63624 (unverified)
﻿23:28:08 : Player #1 QueenOfNapf - Legacy GUID: c9ccc0ee6e16468096e133add0fc180c
﻿23:28:08 : Verified GUID (b2c43caef8b4da2db85f410f1ac63624) of player #1 QueenOfNapf
﻿23:34:47 : Player #1 QueenOfNapf disconnected
﻿23:34:50 : Player #1 QueenOfNapf (83.150.25.168:61593) connected
﻿23:34:51 : Player #1 QueenOfNapf - GUID: b2c43caef8b4da2db85f410f1ac63624 (unverified)
﻿23:34:52 : Verified GUID (b2c43caef8b4da2db85f410f1ac63624) of player #1 QueenOfNapf
﻿23:34:52 : Player #1 QueenOfNapf - Legacy GUID: c9ccc0ee6e16468096e133add0fc180c
﻿23:37:38 : Player #1 QueenOfNapf disconnected
