00:53:10 : Player #0 Bruce disconnected
﻿00:58:57 : Player #0 Bruce (83.150.25.168:2304) connected
﻿00:58:58 : Player #0 Bruce - GUID: ed30fbe34394152e7e7891f5002c084b (unverified)
﻿00:58:58 : RCon admin #2: (Global) BEC : Super Admin Bruce Connected
﻿00:58:58 : Verified GUID (ed30fbe34394152e7e7891f5002c084b) of player #0 Bruce
﻿00:58:59 : Player #0 Bruce - Legacy GUID: 23e6a6324ca856989430d495b6528cba
﻿01:02:18 : Player #0 Bruce disconnected
﻿01:05:52 : RCon admin #0 (83.150.25.168:52860) logged in
﻿01:22:00 : RCon admin #0: (Global) [Bruce] !uptime
﻿01:28:33 : Rcon client logging in
﻿01:28:33 : RCon admin #1 (127.0.0.1:62385) logged in
﻿01:28:48 : RCon admin #1: (Global) job:2 six times
﻿01:29:03 : RCon admin #1: (Global) job:1 once
﻿01:29:13 : RCon admin #1: (Global) job:2 six times
﻿01:29:38 : RCon admin #1: (Global) job:2 six times
﻿01:30:03 : RCon admin #1: (Global) job:2 six times
﻿01:30:28 : RCon admin #1: (Global) job:2 six times
﻿01:30:53 : RCon admin #1: (Global) job:2 six times
﻿01:36:16 : Rcon client logging in
﻿01:36:16 : RCon admin #1 (127.0.0.1:65127) logged in
﻿01:36:26 : RCon admin #1: (Global) WARNING: This server is still in BETA mode. Please Report issues to http://playZ.rocks 
﻿01:37:11 : RCon admin #1: (Global) WARNING: This server is still in BETA mode. Please Report issues to http://playZ.rocks 
﻿01:37:56 : RCon admin #1: (Global) WARNING: This server is still in BETA mode. Please Report issues to http://playZ.rocks 
﻿01:38:41 : RCon admin #1: (Global) WARNING: This server is still in BETA mode. Please Report issues to http://playZ.rocks 
﻿01:39:26 : RCon admin #1: (Global) WARNING: This server is still in BETA mode. Please Report issues to http://playZ.rocks 
﻿01:40:58 : Rcon client logging in
﻿01:40:58 : RCon admin #1 (127.0.0.1:49714) logged in
﻿01:41:28 : RCon admin #1: (Global) WARNING: This server is still in BETA mode. Please Report issues to http://playZ.rocks 
﻿01:43:43 : Rcon client logging in
﻿01:43:43 : RCon admin #2 (127.0.0.1:56884) logged in
﻿01:44:13 : RCon admin #2: (Global) WARNING: This server is still in BETA mode. Please Report issues to http://playZ.rocks 
﻿01:49:13 : RCon admin #2: (Global) WARNING: This server is still in BETA mode. Please Report issues to http://playZ.rocks 
﻿01:54:13 : RCon admin #2: (Global) WARNING: This server is still in BETA mode. Please Report issues to http://playZ.rocks 
﻿01:59:13 : RCon admin #2: (Global) WARNING: This server is still in BETA mode. Please Report issues to http://playZ.rocks 
﻿02:04:13 : RCon admin #2: (Global) WARNING: This server is still in BETA mode. Please Report issues to http://playZ.rocks 
﻿02:09:13 : RCon admin #2: (Global) WARNING: This server is still in BETA mode. Please Report issues to http://playZ.rocks 
﻿02:14:13 : RCon admin #2: (Global) WARNING: This server is still in BETA mode. Please Report issues to http://playZ.rocks 
﻿02:19:13 : RCon admin #2: (Global) WARNING: This server is still in BETA mode. Please Report issues to http://playZ.rocks 
﻿02:24:13 : RCon admin #2: (Global) WARNING: This server is still in BETA mode. Please Report issues to http://playZ.rocks 
﻿02:29:13 : RCon admin #2: (Global) WARNING: This server is still in BETA mode. Please Report issues to http://playZ.rocks 
﻿02:34:13 : RCon admin #2: (Global) WARNING: This server is still in BETA mode. Please Report issues to http://playZ.rocks 
﻿02:39:13 : RCon admin #2: (Global) WARNING: This server is still in BETA mode. Please Report issues to http://playZ.rocks 
﻿02:44:13 : RCon admin #2: (Global) WARNING: This server is still in BETA mode. Please Report issues to http://playZ.rocks 
﻿02:49:13 : RCon admin #2: (Global) WARNING: This server is still in BETA mode. Please Report issues to http://playZ.rocks 
﻿02:54:13 : RCon admin #2: (Global) WARNING: This server is still in BETA mode. Please Report issues to http://playZ.rocks 
﻿02:59:13 : RCon admin #2: (Global) WARNING: This server is still in BETA mode. Please Report issues to http://playZ.rocks 
﻿03:04:13 : RCon admin #2: (Global) WARNING: This server is still in BETA mode. Please Report issues to http://playZ.rocks 
﻿03:09:13 : RCon admin #2: (Global) WARNING: This server is still in BETA mode. Please Report issues to http://playZ.rocks 
﻿03:14:13 : RCon admin #2: (Global) WARNING: This server is still in BETA mode. Please Report issues to http://playZ.rocks 
﻿03:19:13 : RCon admin #2: (Global) WARNING: This server is still in BETA mode. Please Report issues to http://playZ.rocks 
﻿03:24:13 : RCon admin #2: (Global) WARNING: This server is still in BETA mode. Please Report issues to http://playZ.rocks 
﻿03:29:13 : RCon admin #2: (Global) WARNING: This server is still in BETA mode. Please Report issues to http://playZ.rocks 
﻿03:34:13 : RCon admin #2: (Global) WARNING: This server is still in BETA mode. Please Report issues to http://playZ.rocks 
﻿03:39:13 : RCon admin #2: (Global) WARNING: This server is still in BETA mode. Please Report issues to http://playZ.rocks 
﻿03:44:13 : RCon admin #2: (Global) WARNING: This server is still in BETA mode. Please Report issues to http://playZ.rocks 
﻿03:49:13 : RCon admin #2: (Global) WARNING: This server is still in BETA mode. Please Report issues to http://playZ.rocks 
﻿03:54:13 : RCon admin #2: (Global) WARNING: This server is still in BETA mode. Please Report issues to http://playZ.rocks 
﻿03:59:13 : RCon admin #2: (Global) WARNING: This server is still in BETA mode. Please Report issues to http://playZ.rocks 
﻿04:04:13 : RCon admin #2: (Global) WARNING: This server is still in BETA mode. Please Report issues to http://playZ.rocks 
﻿04:09:13 : RCon admin #2: (Global) WARNING: This server is still in BETA mode. Please Report issues to http://playZ.rocks 
﻿04:14:13 : RCon admin #2: (Global) WARNING: This server is still in BETA mode. Please Report issues to http://playZ.rocks 
﻿04:19:13 : RCon admin #2: (Global) WARNING: This server is still in BETA mode. Please Report issues to http://playZ.rocks 
﻿04:24:13 : RCon admin #2: (Global) WARNING: This server is still in BETA mode. Please Report issues to http://playZ.rocks 
﻿04:29:13 : RCon admin #2: (Global) WARNING: This server is still in BETA mode. Please Report issues to http://playZ.rocks 
﻿04:34:13 : RCon admin #2: (Global) WARNING: This server is still in BETA mode. Please Report issues to http://playZ.rocks 
﻿04:39:13 : RCon admin #2: (Global) WARNING: This server is still in BETA mode. Please Report issues to http://playZ.rocks 
﻿04:44:13 : RCon admin #2: (Global) WARNING: This server is still in BETA mode. Please Report issues to http://playZ.rocks 
﻿04:49:13 : RCon admin #2: (Global) WARNING: This server is still in BETA mode. Please Report issues to http://playZ.rocks 
﻿04:54:13 : RCon admin #2: (Global) WARNING: This server is still in BETA mode. Please Report issues to http://playZ.rocks 
﻿04:59:13 : RCon admin #2: (Global) WARNING: This server is still in BETA mode. Please Report issues to http://playZ.rocks 
﻿05:04:13 : RCon admin #2: (Global) WARNING: This server is still in BETA mode. Please Report issues to http://playZ.rocks 
﻿05:09:13 : RCon admin #2: (Global) WARNING: This server is still in BETA mode. Please Report issues to http://playZ.rocks 
﻿05:14:13 : RCon admin #2: (Global) WARNING: This server is still in BETA mode. Please Report issues to http://playZ.rocks 
﻿05:19:13 : RCon admin #2: (Global) WARNING: This server is still in BETA mode. Please Report issues to http://playZ.rocks 
﻿05:24:13 : RCon admin #2: (Global) WARNING: This server is still in BETA mode. Please Report issues to http://playZ.rocks 
﻿05:29:13 : RCon admin #2: (Global) WARNING: This server is still in BETA mode. Please Report issues to http://playZ.rocks 
﻿05:34:13 : RCon admin #2: (Global) WARNING: This server is still in BETA mode. Please Report issues to http://playZ.rocks 
﻿05:39:13 : RCon admin #2: (Global) WARNING: This server is still in BETA mode. Please Report issues to http://playZ.rocks 
﻿05:44:13 : RCon admin #2: (Global) WARNING: This server is still in BETA mode. Please Report issues to http://playZ.rocks 
﻿05:49:13 : RCon admin #2: (Global) WARNING: This server is still in BETA mode. Please Report issues to http://playZ.rocks 
﻿05:54:13 : RCon admin #2: (Global) WARNING: This server is still in BETA mode. Please Report issues to http://playZ.rocks 
﻿05:59:13 : RCon admin #2: (Global) WARNING: This server is still in BETA mode. Please Report issues to http://playZ.rocks 
﻿06:04:13 : RCon admin #2: (Global) WARNING: This server is still in BETA mode. Please Report issues to http://playZ.rocks 
﻿06:09:13 : RCon admin #2: (Global) WARNING: This server is still in BETA mode. Please Report issues to http://playZ.rocks 
﻿06:14:13 : RCon admin #2: (Global) WARNING: This server is still in BETA mode. Please Report issues to http://playZ.rocks 
﻿06:19:13 : RCon admin #2: (Global) WARNING: This server is still in BETA mode. Please Report issues to http://playZ.rocks 
﻿06:24:13 : RCon admin #2: (Global) WARNING: This server is still in BETA mode. Please Report issues to http://playZ.rocks 
﻿06:29:13 : RCon admin #2: (Global) WARNING: This server is still in BETA mode. Please Report issues to http://playZ.rocks 
﻿06:34:13 : RCon admin #2: (Global) WARNING: This server is still in BETA mode. Please Report issues to http://playZ.rocks 
﻿06:39:13 : RCon admin #2: (Global) WARNING: This server is still in BETA mode. Please Report issues to http://playZ.rocks 
﻿06:44:13 : RCon admin #2: (Global) WARNING: This server is still in BETA mode. Please Report issues to http://playZ.rocks 
﻿06:49:13 : RCon admin #2: (Global) WARNING: This server is still in BETA mode. Please Report issues to http://playZ.rocks 
﻿06:54:13 : RCon admin #2: (Global) WARNING: This server is still in BETA mode. Please Report issues to http://playZ.rocks 
﻿06:59:13 : RCon admin #2: (Global) WARNING: This server is still in BETA mode. Please Report issues to http://playZ.rocks 
﻿07:04:13 : RCon admin #2: (Global) WARNING: This server is still in BETA mode. Please Report issues to http://playZ.rocks 
﻿07:09:13 : RCon admin #2: (Global) WARNING: This server is still in BETA mode. Please Report issues to http://playZ.rocks 
﻿07:09:31 : RCon admin #0 (83.150.25.168:50702) logged in
﻿07:14:13 : RCon admin #2: (Global) WARNING: This server is still in BETA mode. Please Report issues to http://playZ.rocks 
﻿07:19:13 : RCon admin #2: (Global) WARNING: This server is still in BETA mode. Please Report issues to http://playZ.rocks 
﻿07:24:13 : RCon admin #2: (Global) WARNING: This server is still in BETA mode. Please Report issues to http://playZ.rocks 
﻿07:29:13 : RCon admin #2: (Global) WARNING: This server is still in BETA mode. Please Report issues to http://playZ.rocks 
﻿07:34:13 : RCon admin #2: (Global) WARNING: This server is still in BETA mode. Please Report issues to http://playZ.rocks 
﻿07:39:13 : RCon admin #2: (Global) WARNING: This server is still in BETA mode. Please Report issues to http://playZ.rocks 
﻿07:44:13 : RCon admin #2: (Global) WARNING: This server is still in BETA mode. Please Report issues to http://playZ.rocks 
﻿07:49:13 : RCon admin #2: (Global) WARNING: This server is still in BETA mode. Please Report issues to http://playZ.rocks 
﻿07:54:13 : RCon admin #2: (Global) WARNING: This server is still in BETA mode. Please Report issues to http://playZ.rocks 
﻿07:59:13 : RCon admin #2: (Global) WARNING: This server is still in BETA mode. Please Report issues to http://playZ.rocks 
﻿08:04:13 : RCon admin #2: (Global) WARNING: This server is still in BETA mode. Please Report issues to http://playZ.rocks 
﻿08:09:13 : RCon admin #2: (Global) WARNING: This server is still in BETA mode. Please Report issues to http://playZ.rocks 
﻿08:14:13 : RCon admin #2: (Global) WARNING: This server is still in BETA mode. Please Report issues to http://playZ.rocks 
﻿08:19:13 : RCon admin #2: (Global) WARNING: This server is still in BETA mode. Please Report issues to http://playZ.rocks 
﻿08:24:13 : RCon admin #2: (Global) WARNING: This server is still in BETA mode. Please Report issues to http://playZ.rocks 
﻿08:29:13 : RCon admin #2: (Global) WARNING: This server is still in BETA mode. Please Report issues to http://playZ.rocks 
﻿08:34:13 : RCon admin #2: (Global) WARNING: This server is still in BETA mode. Please Report issues to http://playZ.rocks 
﻿08:39:13 : RCon admin #2: (Global) WARNING: This server is still in BETA mode. Please Report issues to http://playZ.rocks 
﻿08:44:13 : RCon admin #2: (Global) WARNING: This server is still in BETA mode. Please Report issues to http://playZ.rocks 
﻿08:49:13 : RCon admin #2: (Global) WARNING: This server is still in BETA mode. Please Report issues to http://playZ.rocks 
﻿08:54:13 : RCon admin #2: (Global) WARNING: This server is still in BETA mode. Please Report issues to http://playZ.rocks 
﻿08:59:13 : RCon admin #2: (Global) WARNING: This server is still in BETA mode. Please Report issues to http://playZ.rocks 
﻿09:04:13 : RCon admin #2: (Global) WARNING: This server is still in BETA mode. Please Report issues to http://playZ.rocks 
﻿09:09:13 : RCon admin #2: (Global) WARNING: This server is still in BETA mode. Please Report issues to http://playZ.rocks 
﻿09:14:13 : RCon admin #2: (Global) WARNING: This server is still in BETA mode. Please Report issues to http://playZ.rocks 
﻿09:19:13 : RCon admin #2: (Global) WARNING: This server is still in BETA mode. Please Report issues to http://playZ.rocks 
﻿09:23:44 : Player #0 Nice Guy (83.150.25.168:2304) connected
﻿09:23:45 : Player #0 Nice Guy - GUID: b2c43caef8b4da2db85f410f1ac63624 (unverified)
﻿09:23:46 : Verified GUID (b2c43caef8b4da2db85f410f1ac63624) of player #0 Nice Guy
﻿09:23:46 : Player #0 Nice Guy - Legacy GUID: c9ccc0ee6e16468096e133add0fc180c
﻿09:24:13 : RCon admin #2: (Global) WARNING: This server is still in BETA mode. Please Report issues to http://playZ.rocks 
﻿09:26:52 : No Valid response. Trying to reconnect.!
﻿09:26:52 : Rcon client logging in
﻿09:26:52 : RCon admin #1 (127.0.0.1:56884) logged in
﻿09:29:13 : RCon admin #1: (Global) WARNING: This server is still in BETA mode. Please Report issues to http://playZ.rocks 
﻿09:34:13 : RCon admin #1: (Global) WARNING: This server is still in BETA mode. Please Report issues to http://playZ.rocks 
﻿09:39:13 : RCon admin #1: (Global) WARNING: This server is still in BETA mode. Please Report issues to http://playZ.rocks 
﻿09:39:44 : RCon admin #0: (To Nice Guy) [Bruce] Message
﻿09:40:33 : Player #0 Nice Guy disconnected
﻿09:44:13 : RCon admin #1: (Global) WARNING: This server is still in BETA mode. Please Report issues to http://playZ.rocks 
﻿09:49:13 : RCon admin #1: (Global) WARNING: This server is still in BETA mode. Please Report issues to http://playZ.rocks 
﻿09:54:13 : RCon admin #1: (Global) WARNING: This server is still in BETA mode. Please Report issues to http://playZ.rocks 
﻿09:59:13 : RCon admin #1: (Global) WARNING: This server is still in BETA mode. Please Report issues to http://playZ.rocks 
﻿10:04:13 : RCon admin #1: (Global) WARNING: This server is still in BETA mode. Please Report issues to http://playZ.rocks 
﻿10:09:13 : RCon admin #1: (Global) WARNING: This server is still in BETA mode. Please Report issues to http://playZ.rocks 
﻿10:10:57 : Lost Connection!
﻿10:10:57 : Closing socket & exiting!
﻿10:16:10 : Rcon client logging in
﻿10:16:10 : RCon admin #1 (127.0.0.1:61772) logged in
﻿10:16:40 : RCon admin #1: (Global) WARNING: This server is still in BETA mode. Please Report issues to http://playZ.rocks 
﻿10:21:14 : Player #0 Nice Guy (83.150.25.168:2304) connected
﻿10:21:14 : Player #0 Nice Guy - GUID: b2c43caef8b4da2db85f410f1ac63624 (unverified)
﻿10:21:15 : Verified GUID (b2c43caef8b4da2db85f410f1ac63624) of player #0 Nice Guy
﻿10:21:16 : Player #0 Nice Guy - Legacy GUID: c9ccc0ee6e16468096e133add0fc180c
﻿10:21:43 : RCon admin #1: (Global) WARNING: This server is still in BETA mode. Please Report issues to http://playZ.rocks 
﻿10:25:01 : Player #0 Nice Guy disconnected
﻿10:26:40 : RCon admin #1: (Global) WARNING: This server is still in BETA mode. Please Report issues to http://playZ.rocks 
﻿10:31:40 : RCon admin #1: (Global) WARNING: This server is still in BETA mode. Please Report issues to http://playZ.rocks 
﻿10:36:40 : RCon admin #1: (Global) WARNING: This server is still in BETA mode. Please Report issues to http://playZ.rocks 
﻿10:41:40 : RCon admin #1: (Global) WARNING: This server is still in BETA mode. Please Report issues to http://playZ.rocks 
﻿10:46:40 : RCon admin #1: (Global) WARNING: This server is still in BETA mode. Please Report issues to http://playZ.rocks 
﻿10:51:40 : RCon admin #1: (Global) WARNING: This server is still in BETA mode. Please Report issues to http://playZ.rocks 
﻿10:56:40 : RCon admin #1: (Global) WARNING: This server is still in BETA mode. Please Report issues to http://playZ.rocks 
﻿11:01:40 : RCon admin #1: (Global) WARNING: This server is still in BETA mode. Please Report issues to http://playZ.rocks 
﻿11:06:40 : RCon admin #1: (Global) WARNING: This server is still in BETA mode. Please Report issues to http://playZ.rocks 
﻿11:11:40 : RCon admin #1: (Global) WARNING: This server is still in BETA mode. Please Report issues to http://playZ.rocks 
﻿11:16:40 : RCon admin #1: (Global) WARNING: This server is still in BETA mode. Please Report issues to http://playZ.rocks 
﻿11:21:40 : RCon admin #1: (Global) WARNING: This server is still in BETA mode. Please Report issues to http://playZ.rocks 
﻿11:26:40 : RCon admin #1: (Global) WARNING: This server is still in BETA mode. Please Report issues to http://playZ.rocks 
﻿11:31:40 : RCon admin #1: (Global) WARNING: This server is still in BETA mode. Please Report issues to http://playZ.rocks 
﻿11:36:40 : RCon admin #1: (Global) WARNING: This server is still in BETA mode. Please Report issues to http://playZ.rocks 
﻿11:41:40 : RCon admin #1: (Global) WARNING: This server is still in BETA mode. Please Report issues to http://playZ.rocks 
﻿11:46:40 : RCon admin #1: (Global) WARNING: This server is still in BETA mode. Please Report issues to http://playZ.rocks 
﻿11:51:40 : RCon admin #1: (Global) WARNING: This server is still in BETA mode. Please Report issues to http://playZ.rocks 
﻿11:56:40 : RCon admin #1: (Global) WARNING: This server is still in BETA mode. Please Report issues to http://playZ.rocks 
﻿12:01:40 : RCon admin #1: (Global) WARNING: This server is still in BETA mode. Please Report issues to http://playZ.rocks 
﻿12:06:40 : RCon admin #1: (Global) WARNING: This server is still in BETA mode. Please Report issues to http://playZ.rocks 
﻿12:11:40 : RCon admin #1: (Global) WARNING: This server is still in BETA mode. Please Report issues to http://playZ.rocks 
﻿12:16:40 : RCon admin #1: (Global) WARNING: This server is still in BETA mode. Please Report issues to http://playZ.rocks 
﻿12:21:40 : RCon admin #1: (Global) WARNING: This server is still in BETA mode. Please Report issues to http://playZ.rocks 
﻿12:26:40 : RCon admin #1: (Global) WARNING: This server is still in BETA mode. Please Report issues to http://playZ.rocks 
﻿12:31:40 : RCon admin #1: (Global) WARNING: This server is still in BETA mode. Please Report issues to http://playZ.rocks 
﻿12:36:40 : RCon admin #1: (Global) WARNING: This server is still in BETA mode. Please Report issues to http://playZ.rocks 
﻿12:41:40 : RCon admin #1: (Global) WARNING: This server is still in BETA mode. Please Report issues to http://playZ.rocks 
﻿12:46:40 : RCon admin #1: (Global) WARNING: This server is still in BETA mode. Please Report issues to http://playZ.rocks 
﻿12:51:40 : RCon admin #1: (Global) WARNING: This server is still in BETA mode. Please Report issues to http://playZ.rocks 
﻿12:56:40 : RCon admin #1: (Global) WARNING: This server is still in BETA mode. Please Report issues to http://playZ.rocks 
﻿13:01:40 : RCon admin #1: (Global) WARNING: This server is still in BETA mode. Please Report issues to http://playZ.rocks 
﻿13:05:03 : Player #0 Alice (83.150.25.168:2304) connected
﻿13:05:04 : Player #0 Alice - GUID: b2c43caef8b4da2db85f410f1ac63624 (unverified)
﻿13:05:04 : Verified GUID (b2c43caef8b4da2db85f410f1ac63624) of player #0 Alice
﻿13:05:05 : Player #0 Alice - Legacy GUID: c9ccc0ee6e16468096e133add0fc180c
﻿13:06:40 : RCon admin #1: (Global) WARNING: This server is still in BETA mode. Please Report issues to http://playZ.rocks 
﻿13:07:30 : Player #1 Bruce (83.150.25.168:62143) connected
﻿13:07:31 : Player #1 Bruce - GUID: ed30fbe34394152e7e7891f5002c084b (unverified)
﻿13:07:31 : RCon admin #1: (Global) BEC : Super Admin Bruce Connected
﻿13:07:32 : Verified GUID (ed30fbe34394152e7e7891f5002c084b) of player #1 Bruce
﻿13:07:32 : Player #1 Bruce - Legacy GUID: 23e6a6324ca856989430d495b6528cba
﻿13:09:15 : Player #1 Bruce disconnected
﻿13:10:41 : Player #0 Alice disconnected
﻿13:11:40 : RCon admin #1: (Global) WARNING: This server is still in BETA mode. Please Report issues to http://playZ.rocks 
﻿13:16:40 : RCon admin #1: (Global) WARNING: This server is still in BETA mode. Please Report issues to http://playZ.rocks 
﻿13:21:40 : RCon admin #1: (Global) WARNING: This server is still in BETA mode. Please Report issues to http://playZ.rocks 
﻿13:26:40 : RCon admin #1: (Global) WARNING: This server is still in BETA mode. Please Report issues to http://playZ.rocks 
﻿13:31:40 : RCon admin #1: (Global) WARNING: This server is still in BETA mode. Please Report issues to http://playZ.rocks 
﻿13:36:40 : RCon admin #1: (Global) WARNING: This server is still in BETA mode. Please Report issues to http://playZ.rocks 
﻿13:41:40 : RCon admin #1: (Global) WARNING: This server is still in BETA mode. Please Report issues to http://playZ.rocks 
﻿13:46:40 : RCon admin #1: (Global) WARNING: This server is still in BETA mode. Please Report issues to http://playZ.rocks 
﻿13:51:40 : RCon admin #1: (Global) WARNING: This server is still in BETA mode. Please Report issues to http://playZ.rocks 
﻿13:56:40 : RCon admin #1: (Global) WARNING: This server is still in BETA mode. Please Report issues to http://playZ.rocks 
﻿14:01:40 : RCon admin #1: (Global) WARNING: This server is still in BETA mode. Please Report issues to http://playZ.rocks 
﻿14:06:40 : RCon admin #1: (Global) WARNING: This server is still in BETA mode. Please Report issues to http://playZ.rocks 
﻿14:11:40 : RCon admin #1: (Global) WARNING: This server is still in BETA mode. Please Report issues to http://playZ.rocks 
﻿14:16:40 : RCon admin #1: (Global) WARNING: This server is still in BETA mode. Please Report issues to http://playZ.rocks 
﻿14:21:40 : RCon admin #1: (Global) WARNING: This server is still in BETA mode. Please Report issues to http://playZ.rocks 
﻿14:26:40 : RCon admin #1: (Global) WARNING: This server is still in BETA mode. Please Report issues to http://playZ.rocks 
﻿14:31:40 : RCon admin #1: (Global) WARNING: This server is still in BETA mode. Please Report issues to http://playZ.rocks 
﻿14:36:40 : RCon admin #1: (Global) WARNING: This server is still in BETA mode. Please Report issues to http://playZ.rocks 
﻿14:41:40 : RCon admin #1: (Global) WARNING: This server is still in BETA mode. Please Report issues to http://playZ.rocks 
﻿14:46:40 : RCon admin #1: (Global) WARNING: This server is still in BETA mode. Please Report issues to http://playZ.rocks 
﻿14:51:40 : RCon admin #1: (Global) WARNING: This server is still in BETA mode. Please Report issues to http://playZ.rocks 
﻿14:56:40 : RCon admin #1: (Global) WARNING: This server is still in BETA mode. Please Report issues to http://playZ.rocks 
﻿15:01:40 : RCon admin #1: (Global) WARNING: This server is still in BETA mode. Please Report issues to http://playZ.rocks 
﻿15:06:40 : RCon admin #1: (Global) WARNING: This server is still in BETA mode. Please Report issues to http://playZ.rocks 
﻿15:07:38 : Player #0 @NICEKAME (61.21.142.110:2504) connected
﻿15:07:42 : Player #0 @NICEKAME - GUID: d78bebfd4cfe63e3e17aa34064ad6d4e (unverified)
﻿15:07:43 : Verified GUID (d78bebfd4cfe63e3e17aa34064ad6d4e) of player #0 @NICEKAME
﻿15:07:48 : Player #0 @NICEKAME - Legacy GUID: 8877e8245fbe40bacf0fd871c36ca249
﻿15:07:54 : Player #0 @NICEKAME disconnected
﻿15:11:40 : RCon admin #1: (Global) WARNING: This server is still in BETA mode. Please Report issues to http://playZ.rocks 
﻿15:16:40 : RCon admin #1: (Global) WARNING: This server is still in BETA mode. Please Report issues to http://playZ.rocks 
﻿15:21:40 : RCon admin #1: (Global) WARNING: This server is still in BETA mode. Please Report issues to http://playZ.rocks 
﻿15:26:40 : RCon admin #1: (Global) WARNING: This server is still in BETA mode. Please Report issues to http://playZ.rocks 
﻿15:31:40 : RCon admin #1: (Global) WARNING: This server is still in BETA mode. Please Report issues to http://playZ.rocks 
﻿15:36:40 : RCon admin #1: (Global) WARNING: This server is still in BETA mode. Please Report issues to http://playZ.rocks 
﻿15:41:40 : RCon admin #1: (Global) WARNING: This server is still in BETA mode. Please Report issues to http://playZ.rocks 
﻿15:46:40 : RCon admin #1: (Global) WARNING: This server is still in BETA mode. Please Report issues to http://playZ.rocks 
﻿15:51:40 : RCon admin #1: (Global) WARNING: This server is still in BETA mode. Please Report issues to http://playZ.rocks 
﻿15:56:40 : RCon admin #1: (Global) WARNING: This server is still in BETA mode. Please Report issues to http://playZ.rocks 
﻿16:01:40 : RCon admin #1: (Global) WARNING: This server is still in BETA mode. Please Report issues to http://playZ.rocks 
﻿16:06:40 : RCon admin #1: (Global) WARNING: This server is still in BETA mode. Please Report issues to http://playZ.rocks 
﻿16:08:14 : Player #0 Max (89.16.151.246:2304) connected
﻿16:08:16 : Player #0 Max - GUID: 14da235562fcece5baf04beb048e3882 (unverified)
﻿16:08:16 : Player #0 Max - Legacy GUID: 62924528be2a3078252ce061f463bf58
﻿16:08:17 : Verified GUID (14da235562fcece5baf04beb048e3882) of player #0 Max
﻿16:10:17 : RCon admin #1: (To Max) BEC : You have about 60 seconds left to join the mission.
﻿16:11:40 : RCon admin #1: (Global) WARNING: This server is still in BETA mode. Please Report issues to http://playZ.rocks 
﻿16:15:25 : RCon admin #0: (Global) [Bruce] Hallo
﻿16:16:40 : RCon admin #1: (Global) WARNING: This server is still in BETA mode. Please Report issues to http://playZ.rocks 
﻿16:21:40 : RCon admin #1: (Global) WARNING: This server is still in BETA mode. Please Report issues to http://playZ.rocks 
﻿16:26:40 : RCon admin #1: (Global) WARNING: This server is still in BETA mode. Please Report issues to http://playZ.rocks 
﻿16:29:25 : Player #0 Max disconnected
﻿16:31:40 : RCon admin #1: (Global) WARNING: This server is still in BETA mode. Please Report issues to http://playZ.rocks 
﻿16:36:40 : RCon admin #1: (Global) WARNING: This server is still in BETA mode. Please Report issues to http://playZ.rocks 
﻿16:41:40 : RCon admin #1: (Global) WARNING: This server is still in BETA mode. Please Report issues to http://playZ.rocks 
﻿16:46:40 : RCon admin #1: (Global) WARNING: This server is still in BETA mode. Please Report issues to http://playZ.rocks 
﻿16:51:40 : RCon admin #1: (Global) WARNING: This server is still in BETA mode. Please Report issues to http://playZ.rocks 
﻿16:56:40 : RCon admin #1: (Global) WARNING: This server is still in BETA mode. Please Report issues to http://playZ.rocks 
﻿17:01:40 : RCon admin #1: (Global) WARNING: This server is still in BETA mode. Please Report issues to http://playZ.rocks 
﻿17:06:40 : RCon admin #1: (Global) WARNING: This server is still in BETA mode. Please Report issues to http://playZ.rocks 
﻿17:11:40 : RCon admin #1: (Global) WARNING: This server is still in BETA mode. Please Report issues to http://playZ.rocks 
﻿17:16:40 : RCon admin #1: (Global) WARNING: This server is still in BETA mode. Please Report issues to http://playZ.rocks 
﻿17:21:40 : RCon admin #1: (Global) WARNING: This server is still in BETA mode. Please Report issues to http://playZ.rocks 
﻿17:26:40 : RCon admin #1: (Global) WARNING: This server is still in BETA mode. Please Report issues to http://playZ.rocks 
﻿17:31:40 : RCon admin #1: (Global) WARNING: This server is still in BETA mode. Please Report issues to http://playZ.rocks 
﻿17:36:40 : RCon admin #1: (Global) WARNING: This server is still in BETA mode. Please Report issues to http://playZ.rocks 
﻿17:41:40 : RCon admin #1: (Global) WARNING: This server is still in BETA mode. Please Report issues to http://playZ.rocks 
﻿17:46:40 : RCon admin #1: (Global) WARNING: This server is still in BETA mode. Please Report issues to http://playZ.rocks 
﻿17:51:40 : RCon admin #1: (Global) WARNING: This server is still in BETA mode. Please Report issues to http://playZ.rocks 
﻿17:56:40 : RCon admin #1: (Global) WARNING: This server is still in BETA mode. Please Report issues to http://playZ.rocks 
﻿18:01:40 : RCon admin #1: (Global) WARNING: This server is still in BETA mode. Please Report issues to http://playZ.rocks 
﻿18:06:40 : RCon admin #1: (Global) WARNING: This server is still in BETA mode. Please Report issues to http://playZ.rocks 
﻿18:11:40 : RCon admin #1: (Global) WARNING: This server is still in BETA mode. Please Report issues to http://playZ.rocks 
﻿18:16:40 : RCon admin #1: (Global) WARNING: This server is still in BETA mode. Please Report issues to http://playZ.rocks 
﻿18:18:50 : RCon admin #0 (83.150.25.168:62830) logged in
﻿18:21:40 : RCon admin #1: (Global) WARNING: This server is still in BETA mode. Please Report issues to http://playZ.rocks 
﻿18:26:40 : RCon admin #1: (Global) WARNING: This server is still in BETA mode. Please Report issues to http://playZ.rocks 
﻿18:31:40 : RCon admin #1: (Global) WARNING: This server is still in BETA mode. Please Report issues to http://playZ.rocks 
﻿18:36:40 : RCon admin #1: (Global) WARNING: This server is still in BETA mode. Please Report issues to http://playZ.rocks 
﻿18:41:40 : RCon admin #1: (Global) WARNING: This server is still in BETA mode. Please Report issues to http://playZ.rocks 
﻿18:46:40 : RCon admin #1: (Global) WARNING: This server is still in BETA mode. Please Report issues to http://playZ.rocks 
﻿18:51:40 : RCon admin #1: (Global) WARNING: This server is still in BETA mode. Please Report issues to http://playZ.rocks 
﻿18:56:40 : RCon admin #1: (Global) WARNING: This server is still in BETA mode. Please Report issues to http://playZ.rocks 
﻿19:01:40 : RCon admin #1: (Global) WARNING: This server is still in BETA mode. Please Report issues to http://playZ.rocks 
﻿19:06:40 : RCon admin #1: (Global) WARNING: This server is still in BETA mode. Please Report issues to http://playZ.rocks 
﻿19:11:40 : RCon admin #1: (Global) WARNING: This server is still in BETA mode. Please Report issues to http://playZ.rocks 
﻿19:16:40 : RCon admin #1: (Global) WARNING: This server is still in BETA mode. Please Report issues to http://playZ.rocks 
﻿19:21:40 : RCon admin #1: (Global) WARNING: This server is still in BETA mode. Please Report issues to http://playZ.rocks 
﻿19:26:40 : RCon admin #1: (Global) WARNING: This server is still in BETA mode. Please Report issues to http://playZ.rocks 
﻿19:31:40 : RCon admin #1: (Global) WARNING: This server is still in BETA mode. Please Report issues to http://playZ.rocks 
﻿19:36:40 : RCon admin #1: (Global) WARNING: This server is still in BETA mode. Please Report issues to http://playZ.rocks 
﻿19:39:34 : RCon admin #2 (83.150.25.168:52092) logged in
﻿19:40:25 : RCon admin #0 (83.150.25.168:56476) logged in
﻿19:41:40 : RCon admin #1: (Global) WARNING: This server is still in BETA mode. Please Report issues to http://playZ.rocks 
﻿19:42:57 : RCon admin #2 (83.150.25.168:55866) logged in
﻿19:44:07 : RCon admin #0 (83.150.25.168:63811) logged in
﻿19:46:40 : RCon admin #1: (Global) WARNING: This server is still in BETA mode. Please Report issues to http://playZ.rocks 
﻿19:50:36 : RCon admin #2 (83.150.25.168:50564) logged in
﻿19:51:40 : RCon admin #1: (Global) WARNING: This server is still in BETA mode. Please Report issues to http://playZ.rocks 
﻿19:56:40 : RCon admin #1: (Global) WARNING: This server is still in BETA mode. Please Report issues to http://playZ.rocks 
﻿20:01:40 : RCon admin #1: (Global) WARNING: This server is still in BETA mode. Please Report issues to http://playZ.rocks 
﻿20:06:40 : RCon admin #1: (Global) WARNING: This server is still in BETA mode. Please Report issues to http://playZ.rocks 
﻿20:11:40 : RCon admin #1: (Global) WARNING: This server is still in BETA mode. Please Report issues to http://playZ.rocks 
﻿20:13:16 : RCon admin #0 (83.150.25.168:52226) logged in
﻿20:16:40 : RCon admin #1: (Global) WARNING: This server is still in BETA mode. Please Report issues to http://playZ.rocks 
﻿20:16:41 : RCon admin #2 (83.150.25.168:65402) logged in
﻿20:21:40 : RCon admin #1: (Global) WARNING: This server is still in BETA mode. Please Report issues to http://playZ.rocks 
﻿20:26:40 : RCon admin #1: (Global) WARNING: This server is still in BETA mode. Please Report issues to http://playZ.rocks 
﻿20:27:36 : RCon admin #0 (83.150.25.168:57236) logged in
﻿20:29:13 : RCon admin #2 (83.150.25.168:59593) logged in
﻿20:31:40 : RCon admin #1: (Global) WARNING: This server is still in BETA mode. Please Report issues to http://playZ.rocks 
﻿20:36:40 : RCon admin #1: (Global) WARNING: This server is still in BETA mode. Please Report issues to http://playZ.rocks 
﻿20:41:40 : RCon admin #1: (Global) WARNING: This server is still in BETA mode. Please Report issues to http://playZ.rocks 
﻿20:42:55 : RCon admin #0 (83.150.25.168:57931) logged in
﻿20:44:11 : RCon admin #2 (83.150.25.168:58584) logged in
﻿20:46:40 : RCon admin #1: (Global) WARNING: This server is still in BETA mode. Please Report issues to http://playZ.rocks 
﻿20:51:04 : RCon admin #0 (83.150.25.168:56580) logged in
﻿20:51:40 : RCon admin #1: (Global) WARNING: This server is still in BETA mode. Please Report issues to http://playZ.rocks 
﻿20:56:40 : RCon admin #1: (Global) WARNING: This server is still in BETA mode. Please Report issues to http://playZ.rocks 
﻿21:01:40 : RCon admin #1: (Global) WARNING: This server is still in BETA mode. Please Report issues to http://playZ.rocks 
﻿21:06:40 : RCon admin #1: (Global) WARNING: This server is still in BETA mode. Please Report issues to http://playZ.rocks 
﻿21:11:40 : RCon admin #1: (Global) WARNING: This server is still in BETA mode. Please Report issues to http://playZ.rocks 
﻿21:16:28 : RCon admin #2 (83.150.25.168:53485) logged in
﻿21:16:40 : RCon admin #1: (Global) WARNING: This server is still in BETA mode. Please Report issues to http://playZ.rocks 
﻿21:21:40 : RCon admin #1: (Global) WARNING: This server is still in BETA mode. Please Report issues to http://playZ.rocks 
﻿21:26:40 : RCon admin #1: (Global) WARNING: This server is still in BETA mode. Please Report issues to http://playZ.rocks 
﻿21:31:40 : RCon admin #1: (Global) WARNING: This server is still in BETA mode. Please Report issues to http://playZ.rocks 
﻿21:36:40 : RCon admin #1: (Global) WARNING: This server is still in BETA mode. Please Report issues to http://playZ.rocks 
﻿21:41:40 : RCon admin #1: (Global) WARNING: This server is still in BETA mode. Please Report issues to http://playZ.rocks 
﻿21:44:25 : Lost Connection!
﻿21:44:25 : Closing socket & exiting!
﻿22:06:20 : No Valid response. Trying to reconnect.!
﻿22:06:24 : No Valid response. Trying to reconnect.!
﻿22:06:28 : No Valid response. Trying to reconnect.!
﻿22:06:32 : Lost Connection!
﻿22:06:32 : Closing socket & exiting!
﻿22:08:08 : No Valid response. Trying to reconnect.!
﻿22:08:12 : No Valid response. Trying to reconnect.!
﻿22:08:16 : No Valid response. Trying to reconnect.!
﻿22:08:20 : Lost Connection!
﻿22:08:20 : Closing socket & exiting!
﻿22:11:27 : No Valid response. Trying to reconnect.!
﻿22:11:31 : No Valid response. Trying to reconnect.!
﻿22:11:35 : No Valid response. Trying to reconnect.!
﻿22:11:39 : Lost Connection!
﻿22:11:39 : Closing socket & exiting!
﻿22:12:52 : Rcon client logging in
﻿22:12:52 : RCon admin #2 (127.0.0.1:51238) logged in
﻿22:12:58 : Player #0 Bruce (83.150.25.168:2304) connected
﻿22:13:00 : Player #0 Bruce - GUID: ed30fbe34394152e7e7891f5002c084b (unverified)
﻿22:13:00 : RCon admin #2: (Global) BEC : Super Admin Bruce Connected
﻿22:13:00 : Verified GUID (ed30fbe34394152e7e7891f5002c084b) of player #0 Bruce
﻿22:13:01 : Player #0 Bruce - Legacy GUID: 23e6a6324ca856989430d495b6528cba
﻿22:13:29 : RCon admin #2: (Global) WARNING: This server is still in BETA mode. Please Report issues to http://playZ.rocks 
﻿22:14:59 : No Valid response. Trying to reconnect.!
﻿22:14:59 : Rcon client logging in
﻿22:14:59 : RCon admin #2 (127.0.0.1:51238) logged in
﻿22:18:22 : RCon admin #2: (Global) WARNING: This server is still in BETA mode. Please Report issues to http://playZ.rocks 
﻿22:22:20 : Lost Connection!
﻿22:22:20 : Closing socket & exiting!
﻿22:26:48 : Rcon client logging in
﻿22:26:48 : RCon admin #2 (127.0.0.1:55518) logged in
﻿22:27:18 : RCon admin #2: (Global) WARNING: This server is still in BETA mode. Please Report issues to http://playZ.rocks 
﻿22:27:21 : Player #0 Bruce (83.150.25.168:2304) connected
﻿22:27:22 : Player #0 Bruce - GUID: ed30fbe34394152e7e7891f5002c084b (unverified)
﻿22:27:22 : RCon admin #2: (Global) BEC : Super Admin Bruce Connected
﻿22:27:23 : Verified GUID (ed30fbe34394152e7e7891f5002c084b) of player #0 Bruce
﻿22:27:24 : Player #0 Bruce - Legacy GUID: 23e6a6324ca856989430d495b6528cba
﻿22:29:16 : No Valid response. Trying to reconnect.!
﻿22:29:16 : Rcon client logging in
﻿22:29:16 : RCon admin #2 (127.0.0.1:55518) logged in
﻿22:32:18 : RCon admin #2: (Global) WARNING: This server is still in BETA mode. Please Report issues to http://playZ.rocks 
﻿22:37:18 : RCon admin #2: (Global) WARNING: This server is still in BETA mode. Please Report issues to http://playZ.rocks 
﻿22:40:22 : Player #1 Alice (83.150.25.168:62572) connected
﻿22:40:23 : Player #1 Alice - GUID: b2c43caef8b4da2db85f410f1ac63624 (unverified)
﻿22:40:23 : Verified GUID (b2c43caef8b4da2db85f410f1ac63624) of player #1 Alice
﻿22:40:24 : Player #1 Alice - Legacy GUID: c9ccc0ee6e16468096e133add0fc180c
﻿22:42:18 : RCon admin #2: (Global) WARNING: This server is still in BETA mode. Please Report issues to http://playZ.rocks 
﻿22:47:08 : RCon admin #3 (83.150.25.168:55805) logged in
﻿22:47:18 : RCon admin #2: (Global) WARNING: This server is still in BETA mode. Please Report issues to http://playZ.rocks 
﻿22:48:34 : RCon admin #1 (83.150.25.168:55332) logged in
﻿22:52:18 : RCon admin #2: (Global) WARNING: This server is still in BETA mode. Please Report issues to http://playZ.rocks 
﻿22:52:56 : RCon admin #3 (83.150.25.168:51903) logged in
﻿22:55:32 : RCon admin #1 (83.150.25.168:60272) logged in
﻿22:57:18 : RCon admin #2: (Global) WARNING: This server is still in BETA mode. Please Report issues to http://playZ.rocks 
﻿23:02:18 : RCon admin #2: (Global) WARNING: This server is still in BETA mode. Please Report issues to http://playZ.rocks 
﻿23:04:09 : RCon admin #3 (83.150.25.168:57492) logged in
﻿23:05:40 : Player #1 Alice disconnected
﻿23:07:18 : RCon admin #2: (Global) WARNING: This server is still in BETA mode. Please Report issues to http://playZ.rocks 
﻿23:07:24 : RCon admin #1 (83.150.25.168:49859) logged in
﻿23:10:57 : Player #0 Bruce disconnected
﻿23:11:33 : Lost Connection!
﻿23:11:33 : Closing socket & exiting!
﻿23:24:23 : Rcon client logging in
﻿23:24:23 : RCon admin #2 (127.0.0.1:62224) logged in
﻿23:24:49 : Lost Connection!
﻿23:24:49 : Closing socket & exiting!
﻿23:26:09 : Rcon client logging in
﻿23:26:09 : RCon admin #2 (127.0.0.1:62261) logged in
﻿23:27:23 : RCon admin #2: (Global) WARNING: This server is still in BETA mode. Please Report issues to http://playZ.rocks 
﻿23:31:39 : RCon admin #2: (Global) WARNING: This server is still in BETA mode. Please Report issues to http://playZ.rocks 
﻿23:36:39 : RCon admin #2: (Global) WARNING: This server is still in BETA mode. Please Report issues to http://playZ.rocks 
﻿23:38:36 : Player #0 Bruce disconnected
﻿23:38:43 : Lost Connection!
﻿23:38:43 : Closing socket & exiting!
﻿23:43:02 : Rcon client logging in
﻿23:43:02 : RCon admin #2 (127.0.0.1:57127) logged in
﻿23:43:16 : Player #0 Bruce (83.150.25.168:2304) connected
﻿23:43:17 : Player #0 Bruce - GUID: ed30fbe34394152e7e7891f5002c084b (unverified)
﻿23:43:17 : RCon admin #2: (Global) BEC : Super Admin Bruce Connected
﻿23:43:17 : Verified GUID (ed30fbe34394152e7e7891f5002c084b) of player #0 Bruce
﻿23:43:19 : Player #0 Bruce - Legacy GUID: 23e6a6324ca856989430d495b6528cba
﻿23:43:45 : RCon admin #2: (Global) WARNING: This server is still in BETA mode. Please Report issues to http://playZ.rocks 
﻿23:44:54 : RCon admin #0 (83.150.25.168:50571) logged in
﻿23:48:04 : Player #0 Bruce disconnected
﻿23:48:32 : RCon admin #2: (Global) WARNING: This server is still in BETA mode. Please Report issues to http://playZ.rocks 
﻿23:53:32 : RCon admin #2: (Global) WARNING: This server is still in BETA mode. Please Report issues to http://playZ.rocks 
﻿23:58:32 : RCon admin #2: (Global) WARNING: This server is still in BETA mode. Please Report issues to http://playZ.rocks 
